[33mWARNING[0m:  [04-01-2025 10:17:17] chroma_server_nofile is set to 65535, but this is less than current soft limit of 1048575. chroma_server_nofile will not be set.
[32mINFO[0m:     [04-01-2025 10:17:18] Anonymized telemetry enabled. See                     https://docs.trychroma.com/telemetry for more information.
[36mDEBUG[0m:    [04-01-2025 10:17:18] Starting component System
[36mDEBUG[0m:    [04-01-2025 10:17:18] Starting component OpenTelemetryClient
[36mDEBUG[0m:    [04-01-2025 10:17:18] Starting component SqliteDB
[36mDEBUG[0m:    [04-01-2025 10:17:18] Starting component SimpleQuotaEnforcer
[36mDEBUG[0m:    [04-01-2025 10:17:18] Starting component Posthog
[36mDEBUG[0m:    [04-01-2025 10:17:18] Starting component SimpleRateLimitEnforcer
[36mDEBUG[0m:    [04-01-2025 10:17:18] Starting component LocalSegmentManager
[36mDEBUG[0m:    [04-01-2025 10:17:18] Starting component LocalExecutor
[36mDEBUG[0m:    [04-01-2025 10:17:18] Starting component SegmentAPI
[32mINFO[0m:     [04-01-2025 10:17:18] Started server process [[36m40941[0m]
[32mINFO[0m:     [04-01-2025 10:17:18] Waiting for application startup.
[32mINFO[0m:     [04-01-2025 10:17:18] Application startup complete.
[32mINFO[0m:     [04-01-2025 10:17:18] Uvicorn running on [1mhttp://localhost:8000[0m (Press CTRL+C to quit)
[32mINFO[0m:     [04-01-2025 10:20:06] ::1:53976 - "GET /api/v2/tenants/default_tenant HTTP/1.1" 200
[32mINFO[0m:     [04-01-2025 10:20:06] ::1:53977 - "GET /api/v2/tenants/default_tenant/databases/default_database HTTP/1.1" 200
[32mINFO[0m:     [04-01-2025 10:20:06] ::1:53976 - "POST /api/v2/tenants/default_tenant/databases/default_database/collections HTTP/1.1" 200
[36mDEBUG[0m:    [04-01-2025 10:20:08] Starting component PersistentLocalHnswSegment
[32mINFO[0m:     [04-01-2025 10:20:08] ::1:53984 - "POST /api/v2/tenants/default_tenant/databases/default_database/collections/c93ffdc5-e018-4a73-bc4c-81edfdb57718/add HTTP/1.1" 201
[32mINFO[0m:     [04-01-2025 10:20:08] ::1:53982 - "POST /api/v2/tenants/default_tenant/databases/default_database/collections/c93ffdc5-e018-4a73-bc4c-81edfdb57718/add HTTP/1.1" 201
[32mINFO[0m:     [04-01-2025 10:20:08] ::1:53985 - "POST /api/v2/tenants/default_tenant/databases/default_database/collections/c93ffdc5-e018-4a73-bc4c-81edfdb57718/add HTTP/1.1" 201
[32mINFO[0m:     [04-01-2025 10:20:08] ::1:53988 - "POST /api/v2/tenants/default_tenant/databases/default_database/collections/c93ffdc5-e018-4a73-bc4c-81edfdb57718/add HTTP/1.1" 201
[32mINFO[0m:     [04-01-2025 10:20:08] ::1:53977 - "POST /api/v2/tenants/default_tenant/databases/default_database/collections/c93ffdc5-e018-4a73-bc4c-81edfdb57718/add HTTP/1.1" 201
[32mINFO[0m:     [04-01-2025 10:20:08] ::1:53986 - "POST /api/v2/tenants/default_tenant/databases/default_database/collections/c93ffdc5-e018-4a73-bc4c-81edfdb57718/add HTTP/1.1" 201
[32mINFO[0m:     [04-01-2025 10:20:08] ::1:53981 - "POST /api/v2/tenants/default_tenant/databases/default_database/collections/c93ffdc5-e018-4a73-bc4c-81edfdb57718/add HTTP/1.1" 201
[32mINFO[0m:     [04-01-2025 10:20:08] ::1:53979 - "POST /api/v2/tenants/default_tenant/databases/default_database/collections/c93ffdc5-e018-4a73-bc4c-81edfdb57718/add HTTP/1.1" 201
[32mINFO[0m:     [04-01-2025 10:20:08] ::1:53980 - "POST /api/v2/tenants/default_tenant/databases/default_database/collections/c93ffdc5-e018-4a73-bc4c-81edfdb57718/add HTTP/1.1" 201
[32mINFO[0m:     [04-01-2025 10:20:08] ::1:53987 - "POST /api/v2/tenants/default_tenant/databases/default_database/collections/c93ffdc5-e018-4a73-bc4c-81edfdb57718/add HTTP/1.1" 201
[32mINFO[0m:     [04-01-2025 10:20:08] ::1:53983 - "POST /api/v2/tenants/default_tenant/databases/default_database/collections/c93ffdc5-e018-4a73-bc4c-81edfdb57718/add HTTP/1.1" 201
[32mINFO[0m:     [04-01-2025 10:20:08] ::1:53976 - "POST /api/v2/tenants/default_tenant/databases/default_database/collections/c93ffdc5-e018-4a73-bc4c-81edfdb57718/add HTTP/1.1" 201
[36mDEBUG[0m:    [04-01-2025 10:20:29] Collection my_collection already exists, returning existing collection.
[32mINFO[0m:     [04-01-2025 10:20:29] ::1:53994 - "POST /api/v2/tenants/default_tenant/databases/default_database/collections HTTP/1.1" 200
[32mINFO[0m:     [04-01-2025 10:20:30] ::1:53994 - "POST /api/v2/tenants/default_tenant/databases/default_database/collections/c93ffdc5-e018-4a73-bc4c-81edfdb57718/query HTTP/1.1" 200
[36mDEBUG[0m:    [04-01-2025 10:20:46] Collection my_collection already exists, returning existing collection.
[32mINFO[0m:     [04-01-2025 10:20:46] ::1:53995 - "POST /api/v2/tenants/default_tenant/databases/default_database/collections HTTP/1.1" 200
[32mINFO[0m:     [04-01-2025 10:20:46] ::1:53995 - "POST /api/v2/tenants/default_tenant/databases/default_database/collections/c93ffdc5-e018-4a73-bc4c-81edfdb57718/query HTTP/1.1" 200
[33mWARNING[0m:  [04-01-2025 10:26:29] chroma_server_nofile is set to 65535, but this is less than current soft limit of 1048575. chroma_server_nofile will not be set.
[32mINFO[0m:     [04-01-2025 10:26:29] Anonymized telemetry enabled. See                     https://docs.trychroma.com/telemetry for more information.
[36mDEBUG[0m:    [04-01-2025 10:26:29] Starting component System
[36mDEBUG[0m:    [04-01-2025 10:26:29] Starting component OpenTelemetryClient
[36mDEBUG[0m:    [04-01-2025 10:26:29] Starting component SqliteDB
[36mDEBUG[0m:    [04-01-2025 10:26:29] Starting component SimpleQuotaEnforcer
[36mDEBUG[0m:    [04-01-2025 10:26:29] Starting component Posthog
[36mDEBUG[0m:    [04-01-2025 10:26:29] Starting component SimpleRateLimitEnforcer
[36mDEBUG[0m:    [04-01-2025 10:26:29] Starting component LocalSegmentManager
[36mDEBUG[0m:    [04-01-2025 10:26:29] Starting component LocalExecutor
[36mDEBUG[0m:    [04-01-2025 10:26:29] Starting component SegmentAPI
[32mINFO[0m:     [04-01-2025 10:26:29] Started server process [[36m42371[0m]
[32mINFO[0m:     [04-01-2025 10:26:29] Waiting for application startup.
[32mINFO[0m:     [04-01-2025 10:26:29] Application startup complete.
[32mINFO[0m:     [04-01-2025 10:26:29] Uvicorn running on [1mhttp://localhost:8000[0m (Press CTRL+C to quit)
[32mINFO[0m:     [04-01-2025 10:26:37] ::1:54028 - "GET /api/v2/tenants/default_tenant HTTP/1.1" 200
[32mINFO[0m:     [04-01-2025 10:26:37] ::1:54029 - "GET /api/v2/tenants/default_tenant/databases/default_database HTTP/1.1" 200
[36mDEBUG[0m:    [04-01-2025 10:26:37] Collection my_collection already exists, returning existing collection.
[32mINFO[0m:     [04-01-2025 10:26:37] ::1:54028 - "POST /api/v2/tenants/default_tenant/databases/default_database/collections HTTP/1.1" 200
[36mDEBUG[0m:    [04-01-2025 10:26:37] Starting component PersistentLocalHnswSegment
[32mINFO[0m:     [04-01-2025 10:26:37] ::1:54028 - "POST /api/v2/tenants/default_tenant/databases/default_database/collections/c93ffdc5-e018-4a73-bc4c-81edfdb57718/query HTTP/1.1" 200
[36mDEBUG[0m:    [04-01-2025 10:27:31] Collection my_collection already exists, returning existing collection.
[32mINFO[0m:     [04-01-2025 10:27:31] ::1:54035 - "POST /api/v2/tenants/default_tenant/databases/default_database/collections HTTP/1.1" 200
[32mINFO[0m:     [04-01-2025 10:27:31] ::1:54035 - "POST /api/v2/tenants/default_tenant/databases/default_database/collections/c93ffdc5-e018-4a73-bc4c-81edfdb57718/query HTTP/1.1" 200
[36mDEBUG[0m:    [04-01-2025 10:30:09] Collection my_collection already exists, returning existing collection.
[32mINFO[0m:     [04-01-2025 10:30:09] ::1:54047 - "POST /api/v2/tenants/default_tenant/databases/default_database/collections HTTP/1.1" 200
[32mINFO[0m:     [04-01-2025 10:30:09] ::1:54047 - "POST /api/v2/tenants/default_tenant/databases/default_database/collections/c93ffdc5-e018-4a73-bc4c-81edfdb57718/query HTTP/1.1" 200
[32mINFO[0m:     [04-01-2025 10:33:32] ::1:54090 - "OPTIONS /generate/stream HTTP/1.1" 400
[32mINFO[0m:     [04-01-2025 10:33:42] ::1:54090 - "OPTIONS /generate/stream HTTP/1.1" 400
[32mINFO[0m:     [04-01-2025 10:34:33] ::1:54112 - "OPTIONS /generate/stream HTTP/1.1" 400
[36mDEBUG[0m:    [04-01-2025 10:39:05] Collection my_collection already exists, returning existing collection.
[32mINFO[0m:     [04-01-2025 10:39:05] ::1:54178 - "POST /api/v2/tenants/default_tenant/databases/default_database/collections HTTP/1.1" 200
[32mINFO[0m:     [04-01-2025 10:39:05] ::1:54178 - "POST /api/v2/tenants/default_tenant/databases/default_database/collections/c93ffdc5-e018-4a73-bc4c-81edfdb57718/query HTTP/1.1" 200
[32mINFO[0m:     [04-01-2025 10:43:32] ::1:54213 - "GET /api/v2/tenants/default_tenant HTTP/1.1" 200
[32mINFO[0m:     [04-01-2025 10:43:32] ::1:54214 - "GET /api/v2/tenants/default_tenant/databases/default_database HTTP/1.1" 200
[36mDEBUG[0m:    [04-01-2025 10:43:32] Collection my_collection already exists, returning existing collection.
[32mINFO[0m:     [04-01-2025 10:43:32] ::1:54213 - "POST /api/v2/tenants/default_tenant/databases/default_database/collections HTTP/1.1" 200
[32mINFO[0m:     [04-01-2025 10:43:33] ::1:54213 - "POST /api/v2/tenants/default_tenant/databases/default_database/collections/c93ffdc5-e018-4a73-bc4c-81edfdb57718/query HTTP/1.1" 200
[36mDEBUG[0m:    [04-01-2025 10:46:05] Collection my_collection already exists, returning existing collection.
[32mINFO[0m:     [04-01-2025 10:46:05] ::1:54218 - "POST /api/v2/tenants/default_tenant/databases/default_database/collections HTTP/1.1" 200
[32mINFO[0m:     [04-01-2025 10:46:05] ::1:54218 - "POST /api/v2/tenants/default_tenant/databases/default_database/collections/c93ffdc5-e018-4a73-bc4c-81edfdb57718/query HTTP/1.1" 200
[36mDEBUG[0m:    [04-01-2025 10:46:32] Collection my_collection already exists, returning existing collection.
[32mINFO[0m:     [04-01-2025 10:46:32] ::1:54220 - "POST /api/v2/tenants/default_tenant/databases/default_database/collections HTTP/1.1" 200
[33mWARNING[0m:  [04-01-2025 10:46:32] Number of requested results 100 is greater than number of elements in index 12, updating n_results = 12
[32mINFO[0m:     [04-01-2025 10:46:32] ::1:54220 - "POST /api/v2/tenants/default_tenant/databases/default_database/collections/c93ffdc5-e018-4a73-bc4c-81edfdb57718/query HTTP/1.1" 200
[36mDEBUG[0m:    [04-01-2025 10:46:36] Collection my_collection already exists, returning existing collection.
[32mINFO[0m:     [04-01-2025 10:46:36] ::1:54221 - "POST /api/v2/tenants/default_tenant/databases/default_database/collections HTTP/1.1" 200
[33mWARNING[0m:  [04-01-2025 10:46:36] Number of requested results 100 is greater than number of elements in index 12, updating n_results = 12
[32mINFO[0m:     [04-01-2025 10:46:36] ::1:54221 - "POST /api/v2/tenants/default_tenant/databases/default_database/collections/c93ffdc5-e018-4a73-bc4c-81edfdb57718/query HTTP/1.1" 200
[32mINFO[0m:     [05-01-2025 05:16:15] Set chroma_server_nofile to 65535
[32mINFO[0m:     [05-01-2025 05:16:38] Set chroma_server_nofile to 65535
[33mWARNING[0m:  [06-01-2025 10:07:52] chroma_server_nofile is set to 65535, but this is less than current soft limit of 1048575. chroma_server_nofile will not be set.
[32mINFO[0m:     [06-01-2025 10:07:52] Anonymized telemetry enabled. See                     https://docs.trychroma.com/telemetry for more information.
[36mDEBUG[0m:    [06-01-2025 10:07:52] Starting component System
[36mDEBUG[0m:    [06-01-2025 10:07:53] Starting component OpenTelemetryClient
[36mDEBUG[0m:    [06-01-2025 10:07:53] Starting component SqliteDB
[36mDEBUG[0m:    [06-01-2025 10:07:53] Starting component SimpleQuotaEnforcer
[36mDEBUG[0m:    [06-01-2025 10:07:53] Starting component Posthog
[36mDEBUG[0m:    [06-01-2025 10:07:53] Starting component SimpleRateLimitEnforcer
[36mDEBUG[0m:    [06-01-2025 10:07:53] Starting component LocalSegmentManager
[36mDEBUG[0m:    [06-01-2025 10:07:53] Starting component LocalExecutor
[36mDEBUG[0m:    [06-01-2025 10:07:53] Starting component SegmentAPI
[32mINFO[0m:     [06-01-2025 10:07:53] Started server process [[36m85882[0m]
[32mINFO[0m:     [06-01-2025 10:07:53] Waiting for application startup.
[32mINFO[0m:     [06-01-2025 10:07:53] Application startup complete.
[32mINFO[0m:     [06-01-2025 10:07:53] Uvicorn running on [1mhttp://localhost:8000[0m (Press CTRL+C to quit)
[32mINFO[0m:     [06-01-2025 10:13:14] ::1:55211 - "GET /api/v2/tenants/default_tenant HTTP/1.1" 200
[32mINFO[0m:     [06-01-2025 10:13:14] ::1:55212 - "GET /api/v2/tenants/default_tenant/databases/default_database HTTP/1.1" 200
[32mINFO[0m:     [06-01-2025 10:13:14] ::1:55211 - "GET /api/v2/tenants/default_tenant/databases/default_database/collections/hexylon HTTP/1.1" 400
[32mINFO[0m:     [06-01-2025 10:13:33] Shutting down
[32mINFO[0m:     [06-01-2025 10:13:33] Waiting for application shutdown.
[36mDEBUG[0m:    [06-01-2025 10:13:33] Stopping component System
[36mDEBUG[0m:    [06-01-2025 10:13:33] Stopping component SegmentAPI
[36mDEBUG[0m:    [06-01-2025 10:13:33] Stopping component LocalExecutor
[36mDEBUG[0m:    [06-01-2025 10:13:33] Stopping component LocalSegmentManager
[36mDEBUG[0m:    [06-01-2025 10:13:33] Stopping component SimpleRateLimitEnforcer
[36mDEBUG[0m:    [06-01-2025 10:13:33] Stopping component Posthog
[36mDEBUG[0m:    [06-01-2025 10:13:33] Stopping component SimpleQuotaEnforcer
[36mDEBUG[0m:    [06-01-2025 10:13:33] Stopping component SqliteDB
[36mDEBUG[0m:    [06-01-2025 10:13:33] Stopping component OpenTelemetryClient
[32mINFO[0m:     [06-01-2025 10:13:33] Application shutdown complete.
[32mINFO[0m:     [06-01-2025 10:13:33] Finished server process [[36m85882[0m]
